c:\users\1wkdy\onedrive\desktop\study\algorithm\algorithm_debug\algorithm_debug\x64\debug\vc143.pdb
c:\users\1wkdy\onedrive\desktop\study\algorithm\algorithm_debug\algorithm_debug\x64\debug\vc143.idb
c:\users\1wkdy\onedrive\desktop\study\algorithm\algorithm_debug\algorithm_debug\x64\debug\1181.obj
c:\users\1wkdy\onedrive\desktop\study\algorithm\algorithm_debug\algorithm_debug\x64\debug\11651.obj
c:\users\1wkdy\onedrive\desktop\study\algorithm\algorithm_debug\algorithm_debug\x64\debug\11650.obj
c:\users\1wkdy\onedrive\desktop\study\algorithm\algorithm_debug\algorithm_debug\x64\debug\11050.obj
c:\users\1wkdy\onedrive\desktop\study\algorithm\algorithm_debug\algorithm_debug\x64\debug\10989.obj
c:\users\1wkdy\onedrive\desktop\study\algorithm\algorithm_debug\algorithm_debug\x64\debug\10845.obj
c:\users\1wkdy\onedrive\desktop\study\algorithm\algorithm_debug\algorithm_debug\x64\debug\10828.obj
c:\users\1wkdy\onedrive\desktop\study\algorithm\algorithm_debug\algorithm_debug\x64\debug\10816.obj
c:\users\1wkdy\onedrive\desktop\study\algorithm\algorithm_debug\algorithm_debug\x64\debug\10814.obj
c:\users\1wkdy\onedrive\desktop\study\algorithm\algorithm_debug\algorithm_debug\x64\debug\10773.obj
c:\users\1wkdy\onedrive\desktop\study\algorithm\algorithm_debug\algorithm_debug\x64\debug\1018.obj
c:\users\1wkdy\onedrive\desktop\study\algorithm\algorithm_debug\algorithm_debug\x64\debug\2738.obj
c:\users\1wkdy\onedrive\desktop\study\algorithm\algorithm_debug\algorithm_debug\x64\debug\2475.obj
c:\users\1wkdy\onedrive\desktop\study\algorithm\algorithm_debug\algorithm_debug\x64\debug\2438.obj
c:\users\1wkdy\onedrive\desktop\study\algorithm\algorithm_debug\algorithm_debug\x64\debug\15694.obj
c:\users\1wkdy\onedrive\desktop\study\algorithm\algorithm_debug\algorithm_debug\x64\debug\14681.obj
c:\users\1wkdy\onedrive\desktop\study\algorithm\algorithm_debug\algorithm_debug\x64\debug\1330.obj
c:\users\1wkdy\onedrive\desktop\study\algorithm\algorithm_debug\algorithm_debug\x64\debug\11718.obj
c:\users\1wkdy\onedrive\desktop\study\algorithm\algorithm_debug\algorithm_debug\x64\debug\11382.obj
c:\users\1wkdy\onedrive\desktop\study\algorithm\algorithm_debug\algorithm_debug\x64\debug\2869.obj
c:\users\1wkdy\onedrive\desktop\study\algorithm\algorithm_debug\algorithm_debug\x64\debug\2839.obj
c:\users\1wkdy\onedrive\desktop\study\algorithm\algorithm_debug\algorithm_debug\x64\debug\2798.obj
c:\users\1wkdy\onedrive\desktop\study\algorithm\algorithm_debug\algorithm_debug\x64\debug\2751.obj
c:\users\1wkdy\onedrive\desktop\study\algorithm\algorithm_debug\algorithm_debug\x64\debug\2609.obj
c:\users\1wkdy\onedrive\desktop\study\algorithm\algorithm_debug\algorithm_debug\x64\debug\2292.obj
c:\users\1wkdy\onedrive\desktop\study\algorithm\algorithm_debug\algorithm_debug\x64\debug\2231.obj
c:\users\1wkdy\onedrive\desktop\study\algorithm\algorithm_debug\algorithm_debug\x64\debug\2164.obj
c:\users\1wkdy\onedrive\desktop\study\algorithm\algorithm_debug\algorithm_debug\x64\debug\1978.obj
c:\users\1wkdy\onedrive\desktop\study\algorithm\algorithm_debug\algorithm_debug\x64\debug\1966.obj
c:\users\1wkdy\onedrive\desktop\study\algorithm\algorithm_debug\algorithm_debug\x64\debug\1929.obj
c:\users\1wkdy\onedrive\desktop\study\algorithm\algorithm_debug\algorithm_debug\x64\debug\1920.obj
c:\users\1wkdy\onedrive\desktop\study\algorithm\algorithm_debug\algorithm_debug\x64\debug\1874.obj
c:\users\1wkdy\onedrive\desktop\study\algorithm\algorithm_debug\algorithm_debug\x64\debug\1676.obj
c:\users\1wkdy\onedrive\desktop\study\algorithm\algorithm_debug\algorithm_debug\x64\debug\15829.obj
c:\users\1wkdy\onedrive\desktop\study\algorithm\algorithm_debug\algorithm_debug\x64\debug\1546.obj
c:\users\1wkdy\onedrive\desktop\study\algorithm\algorithm_debug\algorithm_debug\x64\debug\14626.obj
c:\users\1wkdy\onedrive\desktop\study\algorithm\algorithm_debug\algorithm_debug\x64\debug\1436.obj
c:\users\1wkdy\onedrive\desktop\study\algorithm\algorithm_debug\algorithm_debug\x64\debug\1259.obj
c:\users\1wkdy\onedrive\desktop\study\algorithm\algorithm_debug\algorithm_debug\x64\debug\11866.obj
c:\users\1wkdy\onedrive\desktop\study\algorithm\algorithm_debug\algorithm_debug\x64\debug\9012.obj
c:\users\1wkdy\onedrive\desktop\study\algorithm\algorithm_debug\algorithm_debug\x64\debug\4949.obj
c:\users\1wkdy\onedrive\desktop\study\algorithm\algorithm_debug\algorithm_debug\x64\debug\4153.obj
c:\users\1wkdy\onedrive\desktop\study\algorithm\algorithm_debug\algorithm_debug\x64\debug\30802.obj
c:\users\1wkdy\onedrive\desktop\study\algorithm\algorithm_debug\algorithm_debug\x64\debug\28702.obj
c:\users\1wkdy\onedrive\desktop\study\algorithm\algorithm_debug\algorithm_debug\x64\debug\2178.obj
c:\users\1wkdy\onedrive\desktop\study\algorithm\algorithm_debug\x64\debug\algorithm_debug.exe
c:\users\1wkdy\onedrive\desktop\study\algorithm\algorithm_debug\x64\debug\algorithm_debug.pdb
c:\users\1wkdy\onedrive\desktop\study\algorithm\algorithm_debug\algorithm_debug\x64\debug\algorithm_debug.ilk
c:\users\1wkdy\onedrive\desktop\study\algorithm\algorithm_debug\algorithm_debug\x64\debug\2108.obj
c:\users\1wkdy\onedrive\desktop\study\algorithm\algorithm_debug\algorithm_debug\x64\debug\7568.obj
c:\users\1wkdy\onedrive\desktop\study\algorithm\algorithm_debug\algorithm_debug\x64\debug\algorithm_debug.tlog\cl.command.1.tlog
c:\users\1wkdy\onedrive\desktop\study\algorithm\algorithm_debug\algorithm_debug\x64\debug\algorithm_debug.tlog\cl.items.tlog
c:\users\1wkdy\onedrive\desktop\study\algorithm\algorithm_debug\algorithm_debug\x64\debug\algorithm_debug.tlog\cl.read.1.tlog
c:\users\1wkdy\onedrive\desktop\study\algorithm\algorithm_debug\algorithm_debug\x64\debug\algorithm_debug.tlog\cl.write.1.tlog
c:\users\1wkdy\onedrive\desktop\study\algorithm\algorithm_debug\algorithm_debug\x64\debug\algorithm_debug.tlog\link.command.1.tlog
c:\users\1wkdy\onedrive\desktop\study\algorithm\algorithm_debug\algorithm_debug\x64\debug\algorithm_debug.tlog\link.read.1.tlog
c:\users\1wkdy\onedrive\desktop\study\algorithm\algorithm_debug\algorithm_debug\x64\debug\algorithm_debug.tlog\link.secondary.1.tlog
c:\users\1wkdy\onedrive\desktop\study\algorithm\algorithm_debug\algorithm_debug\x64\debug\algorithm_debug.tlog\link.write.1.tlog
